-------------------------------------------------------------------------------
Test set: TestSuite
-------------------------------------------------------------------------------
Tests run: 1, Failures: 1, Errors: 0, Skipped: 0, Time elapsed: 1.214 sec <<< FAILURE!
runScenario(Real_Scenario.TestNGRunnerTest)  Time elapsed: 0.076 sec  <<< FAILURE!
io.cucumber.java.PendingException: TODO: implement me
	at Real_Scenario.realStepDef.i_m_on_the_store_page(realStepDef.java:11)
	at ?.I'm on the Store Page(classpath:Real_Scenario/real.feature:6)

